<?xml version="1.0" encoding="UTF-8"?>
<!-- Generated by org.testng.reporters.JUnitReportReporter -->
<testsuite hostname="Bhoomika" failures="0" tests="1" name="ReverseString.prg2" time="0.013" errors="0" timestamp="2024-08-15T14:14:39 IST" skipped="0">
  <testcase classname="ReverseString.prg2" name="num" time="0.013"/>
  <system-out/>
</testsuite> <!-- ReverseString.prg2 -->
